build/outputs/logs/manifest-merger-debug-report.txt
-- Merging decision tree log ---
manifest
ADDED from test\Cook-App\AndroidManifest.xml:1:1-83:12
	package
		ADDED from test\Cook-App\AndroidManifest.xml:2:5-46
	android:versionName
		ADDED from test\Cook-App\AndroidManifest.xml:4:5-30
	android:versionCode
		ADDED from test\Cook-App\AndroidManifest.xml:3:5-28
		INJECTED from test\Cook-App\AndroidManifest.xml
		INJECTED from test\Cook-App\AndroidManifest.xml
	xmlns:android
		ADDED from test\Cook-App\AndroidManifest.xml:1:11-69
uses-sdk
ADDED from test\Cook-App\AndroidManifest.xml:6:5-8:41
	android:targetSdkVersion
		ADDED from test\Cook-App\AndroidManifest.xml:8:9-38
	android:minSdkVersion
		ADDED from test\Cook-App\AndroidManifest.xml:7:9-35
instrumentation#android.test.InstrumentationTestRunner
ADDED from test\Cook-App\AndroidManifest.xml:10:5-13:73
	android:label
		ADDED from test\Cook-App\AndroidManifest.xml:13:13-70
	android:targetPackage
		ADDED from test\Cook-App\AndroidManifest.xml:12:13-68
	android:name
		ADDED from test\Cook-App\AndroidManifest.xml:11:13-66
uses-permission#android.permission.RECORD_AUDIO
ADDED from test\Cook-App\AndroidManifest.xml:15:5-71
	android:name
		ADDED from test\Cook-App\AndroidManifest.xml:15:22-68
uses-permission#android.permission.ACCESS_NETWORK_STATE
ADDED from test\Cook-App\AndroidManifest.xml:16:5-79
	android:name
		ADDED from test\Cook-App\AndroidManifest.xml:16:22-76
uses-permission#android.permission.INTERNET
ADDED from test\Cook-App\AndroidManifest.xml:17:5-67
	android:name
		ADDED from test\Cook-App\AndroidManifest.xml:17:22-64
uses-permission#android.permission.READ_PHONE_STATE
ADDED from test\Cook-App\AndroidManifest.xml:18:5-75
	android:name
		ADDED from test\Cook-App\AndroidManifest.xml:18:22-72
uses-permission#android.permission.WRITE_EXTERNAL_STORAGE
ADDED from test\Cook-App\AndroidManifest.xml:20:5-81
	android:name
		ADDED from test\Cook-App\AndroidManifest.xml:20:22-78
application
ADDED from test\Cook-App\AndroidManifest.xml:22:5-81:19
	android:label
		ADDED from test\Cook-App\AndroidManifest.xml:24:9-41
	android:icon
		ADDED from test\Cook-App\AndroidManifest.xml:23:9-38
	android:theme
		ADDED from test\Cook-App\AndroidManifest.xml:25:9-39
meta-data#com.baidu.speech.APP_ID
ADDED from test\Cook-App\AndroidManifest.xml:38:9-84
	android:value
		ADDED from test\Cook-App\AndroidManifest.xml:38:59-82
	android:name
		ADDED from test\Cook-App\AndroidManifest.xml:38:20-58
meta-data#com.baidu.speech.API_KEY
ADDED from test\Cook-App\AndroidManifest.xml:39:9-102
	android:value
		ADDED from test\Cook-App\AndroidManifest.xml:39:60-100
	android:name
		ADDED from test\Cook-App\AndroidManifest.xml:39:20-59
meta-data#com.baidu.speech.SECRET_KEY
ADDED from test\Cook-App\AndroidManifest.xml:40:9-113
	android:value
		ADDED from test\Cook-App\AndroidManifest.xml:40:63-111
	android:name
		ADDED from test\Cook-App\AndroidManifest.xml:40:20-62
service#com.baidu.speech.VoiceRecognitionService
ADDED from test\Cook-App\AndroidManifest.xml:41:3-95
	android:exported
		ADDED from test\Cook-App\AndroidManifest.xml:41:68-92
	android:name
		ADDED from test\Cook-App\AndroidManifest.xml:41:12-67
activity#com.baidu.android.guidepage.ViewFlowActivity
ADDED from test\Cook-App\AndroidManifest.xml:43:9-48:21
	android:label
		ADDED from test\Cook-App\AndroidManifest.xml:43:19-51
	android:name
		ADDED from test\Cook-App\AndroidManifest.xml:43:52-111
intent-filter#android.intent.action.MAIN+android.intent.category.LAUNCHER
ADDED from test\Cook-App\AndroidManifest.xml:44:13-47:29
action#android.intent.action.MAIN
ADDED from test\Cook-App\AndroidManifest.xml:45:17-68
	android:name
		ADDED from test\Cook-App\AndroidManifest.xml:45:25-66
category#android.intent.category.LAUNCHER
ADDED from test\Cook-App\AndroidManifest.xml:46:17-76
	android:name
		ADDED from test\Cook-App\AndroidManifest.xml:46:27-74
activity#com.baidu.tts.MainActivity
ADDED from test\Cook-App\AndroidManifest.xml:50:9-51:20
	android:name
		ADDED from test\Cook-App\AndroidManifest.xml:50:19-60
activity#com.baidu.android.login.Login
ADDED from test\Cook-App\AndroidManifest.xml:53:9-54:20
	android:name
		ADDED from test\Cook-App\AndroidManifest.xml:53:19-63
activity#com.baidu.android.login.Register
ADDED from test\Cook-App\AndroidManifest.xml:56:9-57:20
	android:name
		ADDED from test\Cook-App\AndroidManifest.xml:56:19-66
activity#com.baidu.android.login.User
ADDED from test\Cook-App\AndroidManifest.xml:59:9-60:20
	android:name
		ADDED from test\Cook-App\AndroidManifest.xml:59:19-62
activity#com.baidu.android.guidepage.InitAcitivity
ADDED from test\Cook-App\AndroidManifest.xml:62:9-67:20
	android:name
		ADDED from test\Cook-App\AndroidManifest.xml:62:19-75
activity#com.baidu.tts.ModelManagerActivity
ADDED from test\Cook-App\AndroidManifest.xml:69:9-70
	android:name
		ADDED from test\Cook-App\AndroidManifest.xml:69:19-68
activity#com.baidu.android.voicedemo.ActivityMain
ADDED from test\Cook-App\AndroidManifest.xml:70:9-75:20
	android:screenOrientation
		ADDED from test\Cook-App\AndroidManifest.xml:74:17-53
	android:configChanges
		ADDED from test\Cook-App\AndroidManifest.xml:72:17-80
	android:theme
		ADDED from test\Cook-App\AndroidManifest.xml:73:17-73
	android:name
		ADDED from test\Cook-App\AndroidManifest.xml:71:17-72
uses-library#android.test.runner
ADDED from test\Cook-App\AndroidManifest.xml:80:9-60
	android:name
		ADDED from test\Cook-App\AndroidManifest.xml:80:23-57